<?xml version="1.0" encoding="UTF-8"?>
<testsuite xmlns:xsi="http://www.w3.org/2001/XMLSchema-instance" xsi:noNamespaceSchemaLocation="https://maven.apache.org/surefire/maven-surefire-plugin/xsd/surefire-test-report-3.0.xsd" version="3.0" name="com.keyin.SuggestionEngineTest" time="1.339" tests="4" errors="0" skipped="0" failures="0">
  <properties>
[...]
</properties>
  <testcase name="testGenerateSuggestionsFail" classname="com.keyin.SuggestionEngineTest" time="0.672"/>
  <testcase name="testSuggestionsAsMock" classname="com.keyin.SuggestionEngineTest" time="0.374"/>
  <testcase name="testGenerateSuggestions" classname="com.keyin.SuggestionEngineTest" time="0.142"/>
  <testcase name="notReplaceWord" classname="com.keyin.SuggestionEngineTest" time="0.145"/>
</testsuite>